# JRE version: OpenJDK Runtime Environment Temurin-21.0.11+10 (21.0.11+10) (build 21.0.11+10-LTS)
# Java VM: OpenJDK 64-Bit Server VM Temurin-21.0.11+10 (21.0.11+10-LTS, mixed mode, sharing, tiered, compressed oops, compressed class ptrs, parallel gc, windows-amd64)
GC Precious Log:
 CardTable entry size: 512
 CPUs: 12 total, 12 available
 Memory: 16108M
 Large Page Support: Disabled
 NUMA Support: Disabled
 Compressed Oops: Enabled (32-bit)
 Alignments: Space 512K, Generation 512K, Heap 2M
 Heap Min Capacity: 100M
 Heap Initial Capacity: 100M
 Heap Max Capacity: 2G
 Pre-touch: Disabled
 Parallel Workers: 10
Heap:
 PSYoungGen      total 3072K, used 2517K [0x00000000d5580000, 0x00000000d5b80000, 0x0000000100000000)
  eden space 2560K, 84% used [0x00000000d5580000,0x00000000d579d5b8,0x00000000d5800000)
  from space 512K, 68% used [0x00000000d5a80000,0x00000000d5ad8000,0x00000000d5b00000)
  to   space 512K, 0% used [0x00000000d5b00000,0x00000000d5b00000,0x00000000d5b80000)
 ParOldGen       total 409088K, used 408601K [0x0000000080000000, 0x0000000098f80000, 0x00000000d5580000)
  object space 409088K, 99% used [0x0000000080000000,0x0000000098f064b8,0x0000000098f80000)
 Metaspace       used 67614K, committed 69120K, reserved 1114112K
  class space    used 7417K, committed 8128K, reserved 1048576K
GC Heap History (20 events):
Event: 13.008 GC heap before
{Heap before GC invocations=295 (full 3):
 PSYoungGen      total 3584K, used 2976K [0x00000000d5580000, 0x00000000d5c00000, 0x0000000100000000)
  eden space 2560K, 100% used [0x00000000d5580000,0x00000000d5800000,0x00000000d5800000)
  from space 1024K, 40% used [0x00000000d5a80000,0x00000000d5ae8000,0x00000000d5b80000)
  to   space 512K, 0% used [0x00000000d5b80000,0x00000000d5b80000,0x00000000d5c00000)
 ParOldGen       total 403968K, used 403944K [0x0000000080000000, 0x0000000098a80000, 0x00000000d5580000)
  object space 403968K, 99% used [0x0000000080000000,0x0000000098a7a398,0x0000000098a80000)
 Metaspace       used 67603K, committed 69120K, reserved 1114112K
  class space    used 7417K, committed 8128K, reserved 1048576K
}
Event: 13.009 GC heap after
{Heap after GC invocations=295 (full 3):
 PSYoungGen      total 3072K, used 470K [0x00000000d5580000, 0x00000000d5c00000, 0x0000000100000000)
  eden space 2560K, 0% used [0x00000000d5580000,0x00000000d5580000,0x00000000d5800000)
  from space 512K, 91% used [0x00000000d5b80000,0x00000000d5bf5b68,0x00000000d5c00000)
  to   space 512K, 0% used [0x00000000d5b00000,0x00000000d5b00000,0x00000000d5b80000)
 ParOldGen       total 404480K, used 404256K [0x0000000080000000, 0x0000000098b00000, 0x00000000d5580000)
  object space 404480K, 99% used [0x0000000080000000,0x0000000098ac8398,0x0000000098b00000)
 Metaspace       used 67603K, committed 69120K, reserved 1114112K
  class space    used 7417K, committed 8128K, reserved 1048576K
}
Event: 13.014 GC heap before
{Heap before GC invocations=296 (full 3):
 PSYoungGen      total 3072K, used 3030K [0x00000000d5580000, 0x00000000d5c00000, 0x0000000100000000)
  eden space 2560K, 100% used [0x00000000d5580000,0x00000000d5800000,0x00000000d5800000)
  from space 512K, 91% used [0x00000000d5b80000,0x00000000d5bf5b68,0x00000000d5c00000)
  to   space 512K, 0% used [0x00000000d5b00000,0x00000000d5b00000,0x00000000d5b80000)
 ParOldGen       total 404480K, used 404256K [0x0000000080000000, 0x0000000098b00000, 0x00000000d5580000)
  object space 404480K, 99% used [0x0000000080000000,0x0000000098ac8398,0x0000000098b00000)
 Metaspace       used 67603K, committed 69120K, reserved 1114112K
  class space    used 7417K, committed 8128K, reserved 1048576K
}
Event: 13.015 GC heap after
{Heap after GC invocations=296 (full 3):
 PSYoungGen      total 3072K, used 416K [0x00000000d5580000, 0x00000000d5c00000, 0x0000000100000000)
  eden space 2560K, 0% used [0x00000000d5580000,0x00000000d5580000,0x00000000d5800000)
  from space 512K, 81% used [0x00000000d5b00000,0x00000000d5b68000,0x00000000d5b80000)
  to   space 512K, 0% used [0x00000000d5b80000,0x00000000d5b80000,0x00000000d5c00000)
 ParOldGen       total 404992K, used 404598K [0x0000000080000000, 0x0000000098b80000, 0x00000000d5580000)
  object space 404992K, 99% used [0x0000000080000000,0x0000000098b1dba0,0x0000000098b80000)
 Metaspace       used 67603K, committed 69120K, reserved 1114112K
  class space    used 7417K, committed 8128K, reserved 1048576K
}
Event: 13.018 GC heap before
{Heap before GC invocations=297 (full 3):
 PSYoungGen      total 3072K, used 2976K [0x00000000d5580000, 0x00000000d5c00000, 0x0000000100000000)
  eden space 2560K, 100% used [0x00000000d5580000,0x00000000d5800000,0x00000000d5800000)
  from space 512K, 81% used [0x00000000d5b00000,0x00000000d5b68000,0x00000000d5b80000)
  to   space 512K, 0% used [0x00000000d5b80000,0x00000000d5b80000,0x00000000d5c00000)
 ParOldGen       total 404992K, used 404598K [0x0000000080000000, 0x0000000098b80000, 0x00000000d5580000)
  object space 404992K, 99% used [0x0000000080000000,0x0000000098b1dba0,0x0000000098b80000)
 Metaspace       used 67603K, committed 69120K, reserved 1114112K
  class space    used 7417K, committed 8128K, reserved 1048576K
}
Event: 13.019 GC heap after
{Heap after GC invocations=297 (full 3):
 PSYoungGen      total 3072K, used 480K [0x00000000d5580000, 0x00000000d5c00000, 0x0000000100000000)
  eden space 2560K, 0% used [0x00000000d5580000,0x00000000d5580000,0x00000000d5800000)
  from space 512K, 93% used [0x00000000d5b80000,0x00000000d5bf8000,0x00000000d5c00000)
  to   space 512K, 0% used [0x00000000d5b00000,0x00000000d5b00000,0x00000000d5b80000)
 ParOldGen       total 404992K, used 404926K [0x0000000080000000, 0x0000000098b80000, 0x00000000d5580000)
  object space 404992K, 99% used [0x0000000080000000,0x0000000098b6fba0,0x0000000098b80000)
 Metaspace       used 67603K, committed 69120K, reserved 1114112K
  class space    used 7417K, committed 8128K, reserved 1048576K
}
Event: 13.067 GC heap before
{Heap before GC invocations=298 (full 3):
 PSYoungGen      total 3072K, used 3040K [0x00000000d5580000, 0x00000000d5c00000, 0x0000000100000000)
  eden space 2560K, 100% used [0x00000000d5580000,0x00000000d5800000,0x00000000d5800000)
  from space 512K, 93% used [0x00000000d5b80000,0x00000000d5bf8000,0x00000000d5c00000)
  to   space 512K, 0% used [0x00000000d5b00000,0x00000000d5b00000,0x00000000d5b80000)
 ParOldGen       total 404992K, used 404926K [0x0000000080000000, 0x0000000098b80000, 0x00000000d5580000)
  object space 404992K, 99% used [0x0000000080000000,0x0000000098b6fba0,0x0000000098b80000)
 Metaspace       used 67614K, committed 69120K, reserved 1114112K
  class space    used 7417K, committed 8128K, reserved 1048576K
}
Event: 13.069 GC heap after
{Heap after GC invocations=298 (full 3):
 PSYoungGen      total 3072K, used 509K [0x00000000d5580000, 0x00000000d5c00000, 0x0000000100000000)
  eden space 2560K, 0% used [0x00000000d5580000,0x00000000d5580000,0x00000000d5800000)
  from space 512K, 99% used [0x00000000d5b00000,0x00000000d5b7f598,0x00000000d5b80000)
  to   space 512K, 0% used [0x00000000d5b80000,0x00000000d5b80000,0x00000000d5c00000)
 ParOldGen       total 405504K, used 405238K [0x0000000080000000, 0x0000000098c00000, 0x00000000d5580000)
  object space 405504K, 99% used [0x0000000080000000,0x0000000098bbdba0,0x0000000098c00000)
 Metaspace       used 67614K, committed 69120K, reserved 1114112K
  class space    used 7417K, committed 8128K, reserved 1048576K
}
Event: 13.073 GC heap before
{Heap before GC invocations=299 (full 3):
 PSYoungGen      total 3072K, used 3059K [0x00000000d5580000, 0x00000000d5c00000, 0x0000000100000000)
  eden space 2560K, 99% used [0x00000000d5580000,0x00000000d57fd7f0,0x00000000d5800000)
  from space 512K, 99% used [0x00000000d5b00000,0x00000000d5b7f598,0x00000000d5b80000)
  to   space 512K, 0% used [0x00000000d5b80000,0x00000000d5b80000,0x00000000d5c00000)
 ParOldGen       total 405504K, used 405238K [0x0000000080000000, 0x0000000098c00000, 0x00000000d5580000)
  object space 405504K, 99% used [0x0000000080000000,0x0000000098bbdba0,0x0000000098c00000)
 Metaspace       used 67614K, committed 69120K, reserved 1114112K
  class space    used 7417K, committed 8128K, reserved 1048576K
}
Event: 13.073 GC heap after
{Heap after GC invocations=299 (full 3):
 PSYoungGen      total 3072K, used 448K [0x00000000d5580000, 0x00000000d5c00000, 0x0000000100000000)
  eden space 2560K, 0% used [0x00000000d5580000,0x00000000d5580000,0x00000000d5800000)
  from space 512K, 87% used [0x00000000d5b80000,0x00000000d5bf0000,0x00000000d5c00000)
  to   space 512K, 0% used [0x00000000d5b00000,0x00000000d5b00000,0x00000000d5b80000)
 ParOldGen       total 406016K, used 405567K [0x0000000080000000, 0x0000000098c80000, 0x00000000d5580000)
  object space 406016K, 99% used [0x0000000080000000,0x0000000098c0fca8,0x0000000098c80000)
 Metaspace       used 67614K, committed 69120K, reserved 1114112K
  class space    used 7417K, committed 8128K, reserved 1048576K
}
Event: 13.077 GC heap before
{Heap before GC invocations=300 (full 3):
 PSYoungGen      total 3072K, used 3008K [0x00000000d5580000, 0x00000000d5c00000, 0x0000000100000000)
  eden space 2560K, 100% used [0x00000000d5580000,0x00000000d5800000,0x00000000d5800000)
  from space 512K, 87% used [0x00000000d5b80000,0x00000000d5bf0000,0x00000000d5c00000)
  to   space 512K, 0% used [0x00000000d5b00000,0x00000000d5b00000,0x00000000d5b80000)
 ParOldGen       total 406016K, used 405567K [0x0000000080000000, 0x0000000098c80000, 0x00000000d5580000)
  object space 406016K, 99% used [0x0000000080000000,0x0000000098c0fca8,0x0000000098c80000)
 Metaspace       used 67614K, committed 69120K, reserved 1114112K
  class space    used 7417K, committed 8128K, reserved 1048576K
}
Event: 13.078 GC heap after
{Heap after GC invocations=300 (full 3):
 PSYoungGen      total 3072K, used 507K [0x00000000d5580000, 0x00000000d5c00000, 0x0000000100000000)
  eden space 2560K, 0% used [0x00000000d5580000,0x00000000d5580000,0x00000000d5800000)
  from space 512K, 99% used [0x00000000d5b00000,0x00000000d5b7ec08,0x00000000d5b80000)
  to   space 512K, 0% used [0x00000000d5b80000,0x00000000d5b80000,0x00000000d5c00000)
 ParOldGen       total 406016K, used 405879K [0x0000000080000000, 0x0000000098c80000, 0x00000000d5580000)
  object space 406016K, 99% used [0x0000000080000000,0x0000000098c5dca8,0x0000000098c80000)
 Metaspace       used 67614K, committed 69120K, reserved 1114112K
  class space    used 7417K, committed 8128K, reserved 1048576K
}
Event: 13.083 GC heap before
{Heap before GC invocations=301 (full 3):
 PSYoungGen      total 3072K, used 3064K [0x00000000d5580000, 0x00000000d5c00000, 0x0000000100000000)
  eden space 2560K, 99% used [0x00000000d5580000,0x00000000d57ff540,0x00000000d5800000)
  from space 512K, 99% used [0x00000000d5b00000,0x00000000d5b7ec08,0x00000000d5b80000)
  to   space 512K, 0% used [0x00000000d5b80000,0x00000000d5b80000,0x00000000d5c00000)
 ParOldGen       total 406016K, used 405879K [0x0000000080000000, 0x0000000098c80000, 0x00000000d5580000)
  object space 406016K, 99% used [0x0000000080000000,0x0000000098c5dca8,0x0000000098c80000)
 Metaspace       used 67614K, committed 69120K, reserved 1114112K
  class space    used 7417K, committed 8128K, reserved 1048576K
}
Event: 13.083 GC heap after
{Heap after GC invocations=301 (full 3):
 PSYoungGen      total 3072K, used 502K [0x00000000d5580000, 0x00000000d5c00000, 0x0000000100000000)
  eden space 2560K, 0% used [0x00000000d5580000,0x00000000d5580000,0x00000000d5800000)
  from space 512K, 98% used [0x00000000d5b80000,0x00000000d5bfd808,0x00000000d5c00000)
  to   space 1024K, 0% used [0x00000000d5a00000,0x00000000d5a00000,0x00000000d5b00000)
 ParOldGen       total 406528K, used 406223K [0x0000000080000000, 0x0000000098d00000, 0x00000000d5580000)
  object space 406528K, 99% used [0x0000000080000000,0x0000000098cb3ca8,0x0000000098d00000)
 Metaspace       used 67614K, committed 69120K, reserved 1114112K
  class space    used 7417K, committed 8128K, reserved 1048576K
}
Event: 13.087 GC heap before
{Heap before GC invocations=302 (full 3):
 PSYoungGen      total 3072K, used 3062K [0x00000000d5580000, 0x00000000d5c00000, 0x0000000100000000)
  eden space 2560K, 100% used [0x00000000d5580000,0x00000000d5800000,0x00000000d5800000)
  from space 512K, 98% used [0x00000000d5b80000,0x00000000d5bfd808,0x00000000d5c00000)
  to   space 1024K, 0% used [0x00000000d5a00000,0x00000000d5a00000,0x00000000d5b00000)
 ParOldGen       total 406528K, used 406223K [0x0000000080000000, 0x0000000098d00000, 0x00000000d5580000)
  object space 406528K, 99% used [0x0000000080000000,0x0000000098cb3ca8,0x0000000098d00000)
 Metaspace       used 67614K, committed 69120K, reserved 1114112K
  class space    used 7417K, committed 8128K, reserved 1048576K
}
Event: 13.088 GC heap after
{Heap after GC invocations=302 (full 3):
 PSYoungGen      total 3584K, used 448K [0x00000000d5580000, 0x00000000d5c00000, 0x0000000100000000)
  eden space 2560K, 0% used [0x00000000d5580000,0x00000000d5580000,0x00000000d5800000)
  from space 1024K, 43% used [0x00000000d5a00000,0x00000000d5a70000,0x00000000d5b00000)
  to   space 512K, 0% used [0x00000000d5b80000,0x00000000d5b80000,0x00000000d5c00000)
 ParOldGen       total 407040K, used 406629K [0x0000000080000000, 0x0000000098d80000, 0x00000000d5580000)
  object space 407040K, 99% used [0x0000000080000000,0x0000000098d194b0,0x0000000098d80000)
 Metaspace       used 67614K, committed 69120K, reserved 1114112K
  class space    used 7417K, committed 8128K, reserved 1048576K
}
Event: 13.093 GC heap before
{Heap before GC invocations=303 (full 3):
 PSYoungGen      total 3584K, used 3008K [0x00000000d5580000, 0x00000000d5c00000, 0x0000000100000000)
  eden space 2560K, 100% used [0x00000000d5580000,0x00000000d5800000,0x00000000d5800000)
  from space 1024K, 43% used [0x00000000d5a00000,0x00000000d5a70000,0x00000000d5b00000)
  to   space 512K, 0% used [0x00000000d5b80000,0x00000000d5b80000,0x00000000d5c00000)
 ParOldGen       total 407040K, used 406629K [0x0000000080000000, 0x0000000098d80000, 0x00000000d5580000)
  object space 407040K, 99% used [0x0000000080000000,0x0000000098d194b0,0x0000000098d80000)
 Metaspace       used 67614K, committed 69120K, reserved 1114112K
  class space    used 7417K, committed 8128K, reserved 1048576K
}
Event: 13.094 GC heap after
{Heap after GC invocations=303 (full 3):
 PSYoungGen      total 3072K, used 448K [0x00000000d5580000, 0x00000000d5c00000, 0x0000000100000000)
  eden space 2560K, 0% used [0x00000000d5580000,0x00000000d5580000,0x00000000d5800000)
  from space 512K, 87% used [0x00000000d5b80000,0x00000000d5bf0000,0x00000000d5c00000)
  to   space 512K, 0% used [0x00000000d5b00000,0x00000000d5b00000,0x00000000d5b80000)
 ParOldGen       total 407040K, used 406949K [0x0000000080000000, 0x0000000098d80000, 0x00000000d5580000)
  object space 407040K, 99% used [0x0000000080000000,0x0000000098d694b0,0x0000000098d80000)
 Metaspace       used 67614K, committed 69120K, reserved 1114112K
  class space    used 7417K, committed 8128K, reserved 1048576K
}
Event: 13.099 GC heap before
{Heap before GC invocations=304 (full 3):
 PSYoungGen      total 3072K, used 2950K [0x00000000d5580000, 0x00000000d5c00000, 0x0000000100000000)
  eden space 2560K, 97% used [0x00000000d5580000,0x00000000d57f19d0,0x00000000d5800000)
  from space 512K, 87% used [0x00000000d5b80000,0x00000000d5bf0000,0x00000000d5c00000)
  to   space 512K, 0% used [0x00000000d5b00000,0x00000000d5b00000,0x00000000d5b80000)
 ParOldGen       total 407040K, used 406949K [0x0000000080000000, 0x0000000098d80000, 0x00000000d5580000)
  object space 407040K, 99% used [0x0000000080000000,0x0000000098d694b0,0x0000000098d80000)
 Metaspace       used 67614K, committed 69120K, reserved 1114112K
  class space    used 7417K, committed 8128K, reserved 1048576K
}
Event: 13.100 GC heap after
{Heap after GC invocations=304 (full 3):
 PSYoungGen      total 3072K, used 432K [0x00000000d5580000, 0x00000000d5c00000, 0x0000000100000000)
  eden space 2560K, 0% used [0x00000000d5580000,0x00000000d5580000,0x00000000d5800000)
  from space 512K, 84% used [0x00000000d5b00000,0x00000000d5b6c050,0x00000000d5b80000)
  to   space 512K, 0% used [0x00000000d5b80000,0x00000000d5b80000,0x00000000d5c00000)
 ParOldGen       total 407552K, used 407253K [0x0000000080000000, 0x0000000098e00000, 0x00000000d5580000)
  object space 407552K, 99% used [0x0000000080000000,0x0000000098db54b0,0x0000000098e00000)
 Metaspace       used 67614K, committed 69120K, reserved 1114112K
  class space    used 7417K, committed 8128K, reserved 1048576K
}

